[ 19076.961] (--) Log file renamed from "/home/roian/.local/share/xorg/Xorg.pid-141550.log" to "/home/roian/.local/share/xorg/Xorg.0.log"
[ 19076.963] 
X.Org X Server 1.20.9
X Protocol Version 11, Revision 0
[ 19076.963] Build Operating System: Linux 4.15.0-140-generic x86_64 Ubuntu
[ 19076.963] Current Operating System: Linux docker-ubuntu.example.com 5.8.0-55-generic #62~20.04.1-Ubuntu SMP Wed Jun 2 08:55:04 UTC 2021 x86_64
[ 19076.963] Kernel command line: BOOT_IMAGE=/boot/vmlinuz-5.8.0-55-generic root=UUID=75de0266-3b29-445b-a808-ab8bdcd4d2c3 ro quiet splash
[ 19076.963] Build Date: 08 April 2021  12:29:22PM
[ 19076.963] xorg-server 2:1.20.9-2ubuntu1.2~20.04.2 (For technical support please see http://www.ubuntu.com/support) 
[ 19076.963] Current version of pixman: 0.38.4
[ 19076.963] 	Before reporting problems, check http://wiki.x.org
	to make sure that you have the latest version.
[ 19076.963] Markers: (--) probed, (**) from config file, (==) default setting,
	(++) from command line, (!!) notice, (II) informational,
	(WW) warning, (EE) error, (NI) not implemented, (??) unknown.
[ 19076.963] (==) Log file: "/home/roian/.local/share/xorg/Xorg.0.log", Time: Fri Jun 18 23:10:57 2021
[ 19076.966] (==) Using system config directory "/usr/share/X11/xorg.conf.d"
[ 19076.969] (==) No Layout section.  Using the first Screen section.
[ 19076.969] (==) No screen section available. Using defaults.
[ 19076.969] (**) |-->Screen "Default Screen Section" (0)
[ 19076.969] (**) |   |-->Monitor "<default monitor>"
[ 19076.971] (==) No monitor specified for screen "Default Screen Section".
	Using a default monitor configuration.
[ 19076.971] (==) Automatically adding devices
[ 19076.971] (==) Automatically enabling devices
[ 19076.971] (==) Automatically adding GPU devices
[ 19076.971] (==) Automatically binding GPU devices
[ 19076.971] (==) Max clients allowed: 256, resource mask: 0x1fffff
[ 19076.974] (WW) The directory "/usr/share/fonts/X11/cyrillic" does not exist.
[ 19076.974] 	Entry deleted from font path.
[ 19076.974] (WW) The directory "/usr/share/fonts/X11/100dpi/" does not exist.
[ 19076.974] 	Entry deleted from font path.
[ 19076.974] (WW) The directory "/usr/share/fonts/X11/75dpi/" does not exist.
[ 19076.974] 	Entry deleted from font path.
[ 19076.975] (WW) The directory "/usr/share/fonts/X11/100dpi" does not exist.
[ 19076.975] 	Entry deleted from font path.
[ 19076.975] (WW) The directory "/usr/share/fonts/X11/75dpi" does not exist.
[ 19076.975] 	Entry deleted from font path.
[ 19076.975] (==) FontPath set to:
	/usr/share/fonts/X11/misc,
	/usr/share/fonts/X11/Type1,
	built-ins
[ 19076.975] (==) ModulePath set to "/usr/lib/xorg/modules"
[ 19076.975] (II) The server relies on udev to provide the list of input devices.
	If no devices become available, reconfigure udev or disable AutoAddDevices.
[ 19076.975] (II) Loader magic: 0x558e8eb64020
[ 19076.975] (II) Module ABI versions:
[ 19076.975] 	X.Org ANSI C Emulation: 0.4
[ 19076.975] 	X.Org Video Driver: 24.1
[ 19076.975] 	X.Org XInput driver : 24.1
[ 19076.975] 	X.Org Server Extension : 10.0
[ 19076.976] (++) using VT number 2

[ 19076.978] (II) systemd-logind: took control of session /org/freedesktop/login1/session/_312
[ 19076.980] (II) xfree86: Adding drm device (/dev/dri/card0)
[ 19076.981] (II) systemd-logind: got fd for /dev/dri/card0 226:0 fd 12 paused 0
[ 19076.985] (--) PCI:*(0@0:2:0) 15ad:0405:15ad:0405 rev 0, Mem @ 0xe0000000/16777216, 0xf0000000/2097152, I/O @ 0x0000d010/16, BIOS @ 0x????????/131072
[ 19076.985] (II) LoadModule: "glx"
[ 19076.987] (II) Loading /usr/lib/xorg/modules/extensions/libglx.so
[ 19076.993] (II) Module glx: vendor="X.Org Foundation"
[ 19076.993] 	compiled for 1.20.9, module version = 1.0.0
[ 19076.993] 	ABI class: X.Org Server Extension, version 10.0
[ 19076.993] (==) Matched vmware as autoconfigured driver 0
[ 19076.993] (==) Matched modesetting as autoconfigured driver 1
[ 19076.993] (==) Matched fbdev as autoconfigured driver 2
[ 19076.993] (==) Matched vesa as autoconfigured driver 3
[ 19076.993] (==) Assigned the driver to the xf86ConfigLayout
[ 19076.993] (II) LoadModule: "vmware"
[ 19076.994] (II) Loading /usr/lib/xorg/modules/drivers/vmware_drv.so
[ 19077.133] (II) Module vmware: vendor="X.Org Foundation"
[ 19077.133] 	compiled for 1.20.8, module version = 13.3.0
[ 19077.133] 	Module class: X.Org Video Driver
[ 19077.133] 	ABI class: X.Org Video Driver, version 24.1
[ 19077.133] (II) LoadModule: "modesetting"
[ 19077.133] (II) Loading /usr/lib/xorg/modules/drivers/modesetting_drv.so
[ 19077.135] (II) Module modesetting: vendor="X.Org Foundation"
[ 19077.135] 	compiled for 1.20.9, module version = 1.20.9
[ 19077.135] 	Module class: X.Org Video Driver
[ 19077.135] 	ABI class: X.Org Video Driver, version 24.1
[ 19077.135] (II) LoadModule: "fbdev"
[ 19077.135] (II) Loading /usr/lib/xorg/modules/drivers/fbdev_drv.so
[ 19077.136] (II) Module fbdev: vendor="X.Org Foundation"
[ 19077.136] 	compiled for 1.20.1, module version = 0.5.0
[ 19077.136] 	Module class: X.Org Video Driver
[ 19077.136] 	ABI class: X.Org Video Driver, version 24.0
[ 19077.136] (II) LoadModule: "vesa"
[ 19077.137] (II) Loading /usr/lib/xorg/modules/drivers/vesa_drv.so
[ 19077.138] (II) Module vesa: vendor="X.Org Foundation"
[ 19077.138] 	compiled for 1.20.4, module version = 2.4.0
[ 19077.139] 	Module class: X.Org Video Driver
[ 19077.139] 	ABI class: X.Org Video Driver, version 24.0
[ 19077.139] (II) vmware: driver for VMware SVGA: vmware0405, vmware0710
[ 19077.139] (II) modesetting: Driver for Modesetting Kernel Drivers: kms
[ 19077.139] (II) FBDEV: driver for framebuffer: fbdev
[ 19077.139] (II) VESA: driver for VESA chipsets: vesa
[ 19077.139] xf86EnableIOPorts: failed to set IOPL for I/O (Operation not permitted)
[ 19077.139] (WW) Falling back to old probe method for modesetting
[ 19077.139] (WW) Falling back to old probe method for fbdev
[ 19077.139] (II) Loading sub module "fbdevhw"
[ 19077.139] (II) LoadModule: "fbdevhw"
[ 19077.139] (II) Loading /usr/lib/xorg/modules/libfbdevhw.so
[ 19077.140] (II) Module fbdevhw: vendor="X.Org Foundation"
[ 19077.140] 	compiled for 1.20.9, module version = 0.0.2
[ 19077.140] 	ABI class: X.Org Video Driver, version 24.1
[ 19077.140] (EE) open /dev/fb0: Permission denied
[ 19077.140] (WW) VGA arbiter: cannot open kernel arbiter, no multi-card support
[ 19077.140] (II) vmware(0): Creating default Display subsection in Screen section
	"Default Screen Section" for depth/fbbpp 24/32
[ 19077.140] (--) vmware(0): DRM driver version is 2.18.0
[ 19077.140] (==) vmware(0): Depth 24, (--) framebuffer bpp 32
[ 19077.140] (==) vmware(0): RGB weight 888
[ 19077.140] (==) vmware(0): Default visual is TrueColor
[ 19077.140] (--) vmware(0): Min width 1, Max Width 8192.
[ 19077.140] (--) vmware(0): Min height 1, Max Height 8192.
[ 19077.141] (II) vmware(0): Output Virtual1 has no monitor section
[ 19077.141] (II) vmware(0): Output Virtual2 has no monitor section
[ 19077.141] (II) vmware(0): Output Virtual3 has no monitor section
[ 19077.141] (II) vmware(0): Output Virtual4 has no monitor section
[ 19077.141] (II) vmware(0): Output Virtual5 has no monitor section
[ 19077.141] (II) vmware(0): Output Virtual6 has no monitor section
[ 19077.141] (II) vmware(0): Output Virtual7 has no monitor section
[ 19077.141] (II) vmware(0): Output Virtual8 has no monitor section
[ 19077.141] (II) vmware(0): Printing probed modes for output Virtual1
[ 19077.141] (II) vmware(0): Modeline "800x600"x60.0   42.75  800 850 900 950  600 650 700 750 -hsync +vsync (45.0 kHz eP)
[ 19077.141] (II) vmware(0): Modeline "2560x1600"x60.0  348.50  2560 2752 3032 3504  1600 1603 1609 1658 -hsync +vsync (99.5 kHz e)
[ 19077.141] (II) vmware(0): Modeline "1920x1440"x60.0  234.00  1920 2048 2256 2600  1440 1441 1444 1500 -hsync +vsync (90.0 kHz e)
[ 19077.141] (II) vmware(0): Modeline "1856x1392"x60.0  218.25  1856 1952 2176 2528  1392 1393 1396 1439 -hsync +vsync (86.3 kHz e)
[ 19077.141] (II) vmware(0): Modeline "1792x1344"x60.0  204.75  1792 1920 2120 2448  1344 1345 1348 1394 -hsync +vsync (83.6 kHz e)
[ 19077.141] (II) vmware(0): Modeline "1920x1200"x59.9  193.25  1920 2056 2256 2592  1200 1203 1209 1245 -hsync +vsync (74.6 kHz e)
[ 19077.141] (II) vmware(0): Modeline "1600x1200"x60.0  162.00  1600 1664 1856 2160  1200 1201 1204 1250 +hsync +vsync (75.0 kHz e)
[ 19077.141] (II) vmware(0): Modeline "1680x1050"x60.0  146.25  1680 1784 1960 2240  1050 1053 1059 1089 -hsync +vsync (65.3 kHz e)
[ 19077.141] (II) vmware(0): Modeline "1400x1050"x60.0  121.75  1400 1488 1632 1864  1050 1053 1057 1089 -hsync +vsync (65.3 kHz e)
[ 19077.141] (II) vmware(0): Modeline "1280x1024"x60.0  108.00  1280 1328 1440 1688  1024 1025 1028 1066 +hsync +vsync (64.0 kHz e)
[ 19077.141] (II) vmware(0): Modeline "1440x900"x59.9  106.50  1440 1520 1672 1904  900 903 909 934 -hsync +vsync (55.9 kHz e)
[ 19077.141] (II) vmware(0): Modeline "1280x960"x60.0  108.00  1280 1376 1488 1800  960 961 964 1000 +hsync +vsync (60.0 kHz e)
[ 19077.141] (II) vmware(0): Modeline "1360x768"x60.0   85.50  1360 1424 1536 1792  768 771 777 795 +hsync +vsync (47.7 kHz e)
[ 19077.141] (II) vmware(0): Modeline "1280x800"x59.8   83.50  1280 1352 1480 1680  800 803 809 831 +hsync -vsync (49.7 kHz e)
[ 19077.141] (II) vmware(0): Modeline "1152x864"x75.0  108.00  1152 1216 1344 1600  864 865 868 900 +hsync +vsync (67.5 kHz e)
[ 19077.141] (II) vmware(0): Modeline "1280x768"x59.9   79.50  1280 1344 1472 1664  768 771 778 798 -hsync +vsync (47.8 kHz e)
[ 19077.141] (II) vmware(0): Modeline "1024x768"x60.0   65.00  1024 1048 1184 1344  768 771 777 806 -hsync -vsync (48.4 kHz e)
[ 19077.141] (II) vmware(0): Modeline "800x600"x60.3   40.00  800 840 968 1056  600 601 605 628 +hsync +vsync (37.9 kHz e)
[ 19077.141] (II) vmware(0): Modeline "640x480"x59.9   25.18  640 656 752 800  480 489 492 525 -hsync -vsync (31.5 kHz e)
[ 19077.141] (II) vmware(0): EDID for output Virtual2
[ 19077.141] (II) vmware(0): EDID for output Virtual3
[ 19077.141] (II) vmware(0): EDID for output Virtual4
[ 19077.141] (II) vmware(0): EDID for output Virtual5
[ 19077.141] (II) vmware(0): EDID for output Virtual6
[ 19077.141] (II) vmware(0): EDID for output Virtual7
[ 19077.141] (II) vmware(0): EDID for output Virtual8
[ 19077.141] (II) vmware(0): Output Virtual1 connected
[ 19077.141] (II) vmware(0): Output Virtual2 disconnected
[ 19077.141] (II) vmware(0): Output Virtual3 disconnected
[ 19077.141] (II) vmware(0): Output Virtual4 disconnected
[ 19077.141] (II) vmware(0): Output Virtual5 disconnected
[ 19077.141] (II) vmware(0): Output Virtual6 disconnected
[ 19077.141] (II) vmware(0): Output Virtual7 disconnected
[ 19077.141] (II) vmware(0): Output Virtual8 disconnected
[ 19077.141] (II) vmware(0): Using exact sizes for initial modes
[ 19077.141] (II) vmware(0): Output Virtual1 using initial mode 800x600 +0+0
[ 19077.141] (==) vmware(0): DPI set to (96, 96)
[ 19077.141] (==) vmware(0): Using gamma correction (1.0, 1.0, 1.0)
[ 19077.141] (II) Loading sub module "fb"
[ 19077.141] (II) LoadModule: "fb"
[ 19077.141] (II) Loading /usr/lib/xorg/modules/libfb.so
[ 19077.146] (II) Module fb: vendor="X.Org Foundation"
[ 19077.146] 	compiled for 1.20.9, module version = 1.0.0
[ 19077.146] 	ABI class: X.Org ANSI C Emulation, version 0.4
[ 19077.146] (II) Loading sub module "dri2"
[ 19077.146] (II) LoadModule: "dri2"
[ 19077.146] (II) Module "dri2" already built-in
[ 19077.146] (II) Loading sub module "dri3"
[ 19077.146] (II) LoadModule: "dri3"
[ 19077.146] (II) Module "dri3" already built-in
[ 19077.146] (II) UnloadModule: "modesetting"
[ 19077.146] (II) Unloading modesetting
[ 19077.146] (II) UnloadModule: "fbdev"
[ 19077.146] (II) Unloading fbdev
[ 19077.146] (II) UnloadSubModule: "fbdevhw"
[ 19077.146] (II) Unloading fbdevhw
[ 19077.146] (II) UnloadModule: "vesa"
[ 19077.146] (II) Unloading vesa
[ 19077.148] (II) vmware(0): Initialized VMWARE_CTRL extension version 0.2
[ 19077.155] (WW) vmware(0): Failed to initialize Gallium3D Xa. No render acceleration available.
[ 19077.155] (WW) vmware(0): Skipped initialization of direct rendering due to lack of render acceleration.
[ 19077.155] (--) vmware(0): Render acceleration is disabled.
[ 19077.155] (==) vmware(0): Rendercheck mode is disabled.
[ 19077.155] (--) vmware(0): Direct rendering (DRI2 3D) is disabled.
[ 19077.155] (--) vmware(0): Direct rendering (DRI3 3D) is disabled.
[ 19077.155] (==) vmware(0): Backing store enabled
[ 19077.155] (==) vmware(0): Silken mouse enabled
[ 19077.157] (==) vmware(0): DPMS enabled
[ 19077.157] (II) vmware(0): No 3D acceleration. Not setting up textured video.
[ 19077.157] (WW) vmware(0): Disabling Xv because no adaptors could be initialized.
[ 19077.157] (II) Initializing extension Generic Event Extension
[ 19077.157] (II) Initializing extension SHAPE
[ 19077.158] (II) Initializing extension MIT-SHM
[ 19077.158] (II) Initializing extension XInputExtension
[ 19077.159] (II) Initializing extension XTEST
[ 19077.159] (II) Initializing extension BIG-REQUESTS
[ 19077.159] (II) Initializing extension SYNC
[ 19077.160] (II) Initializing extension XKEYBOARD
[ 19077.160] (II) Initializing extension XC-MISC
[ 19077.160] (II) Initializing extension SECURITY
[ 19077.160] (II) Initializing extension XFIXES
[ 19077.161] (II) Initializing extension RENDER
[ 19077.161] (II) Initializing extension RANDR
[ 19077.161] (II) Initializing extension COMPOSITE
[ 19077.161] (II) Initializing extension DAMAGE
[ 19077.161] (II) Initializing extension MIT-SCREEN-SAVER
[ 19077.162] (II) Initializing extension DOUBLE-BUFFER
[ 19077.162] (II) Initializing extension RECORD
[ 19077.162] (II) Initializing extension DPMS
[ 19077.162] (II) Initializing extension Present
[ 19077.162] (II) Initializing extension DRI3
[ 19077.162] (II) Initializing extension X-Resource
[ 19077.165] (II) Initializing extension XVideo
[ 19077.165] (II) Initializing extension XVideo-MotionCompensation
[ 19077.165] (II) Initializing extension SELinux
[ 19077.165] (II) SELinux: Disabled on system
[ 19077.165] (II) Initializing extension GLX
[ 19077.165] (II) AIGLX: Screen 0 is not DRI2 capable
[ 19077.188] (II) IGLX: Loaded and initialized swrast
[ 19077.188] (II) GLX: Initialized DRISWRAST GL provider for screen 0
[ 19077.189] (II) Initializing extension XFree86-VidModeExtension
[ 19077.189] (II) Initializing extension XFree86-DGA
[ 19077.189] (II) Initializing extension XFree86-DRI
[ 19077.189] (II) Initializing extension DRI2
[ 19077.193] (II) vmware(0): Setting screen physical size to 211 x 158
[ 19077.303] (II) config/udev: Adding input device Power Button (/dev/input/event0)
[ 19077.303] (**) Power Button: Applying InputClass "libinput keyboard catchall"
[ 19077.303] (II) LoadModule: "libinput"
[ 19077.304] (II) Loading /usr/lib/xorg/modules/input/libinput_drv.so
[ 19077.306] (II) Module libinput: vendor="X.Org Foundation"
[ 19077.306] 	compiled for 1.20.4, module version = 0.29.0
[ 19077.306] 	Module class: X.Org XInput Driver
[ 19077.306] 	ABI class: X.Org XInput driver, version 24.1
[ 19077.306] (II) Using input driver 'libinput' for 'Power Button'
[ 19077.307] (II) systemd-logind: got fd for /dev/input/event0 13:64 fd 20 paused 0
[ 19077.308] (**) Power Button: always reports core events
[ 19077.308] (**) Option "Device" "/dev/input/event0"
[ 19077.308] (**) Option "_source" "server/udev"
[ 19077.316] (II) event0  - Power Button: is tagged by udev as: Keyboard
[ 19077.316] (II) event0  - Power Button: device is a keyboard
[ 19077.317] (II) event0  - Power Button: device removed
[ 19077.317] (**) Option "config_info" "udev:/sys/devices/LNXSYSTM:00/LNXPWRBN:00/input/input0/event0"
[ 19077.317] (II) XINPUT: Adding extended input device "Power Button" (type: KEYBOARD, id 6)
[ 19077.317] (**) Option "xkb_model" "pc105"
[ 19077.317] (**) Option "xkb_layout" "kr"
[ 19077.317] (**) Option "xkb_variant" "kr104"
[ 19077.337] (II) event0  - Power Button: is tagged by udev as: Keyboard
[ 19077.337] (II) event0  - Power Button: device is a keyboard
[ 19077.338] (II) config/udev: Adding input device Sleep Button (/dev/input/event1)
[ 19077.338] (**) Sleep Button: Applying InputClass "libinput keyboard catchall"
[ 19077.338] (II) Using input driver 'libinput' for 'Sleep Button'
[ 19077.342] (II) systemd-logind: got fd for /dev/input/event1 13:65 fd 23 paused 0
[ 19077.342] (**) Sleep Button: always reports core events
[ 19077.342] (**) Option "Device" "/dev/input/event1"
[ 19077.342] (**) Option "_source" "server/udev"
[ 19077.344] (II) event1  - Sleep Button: is tagged by udev as: Keyboard
[ 19077.344] (II) event1  - Sleep Button: device is a keyboard
[ 19077.344] (II) event1  - Sleep Button: device removed
[ 19077.344] (**) Option "config_info" "udev:/sys/devices/LNXSYSTM:00/LNXSLPBN:00/input/input1/event1"
[ 19077.345] (II) XINPUT: Adding extended input device "Sleep Button" (type: KEYBOARD, id 7)
[ 19077.345] (**) Option "xkb_model" "pc105"
[ 19077.345] (**) Option "xkb_layout" "kr"
[ 19077.345] (**) Option "xkb_variant" "kr104"
[ 19077.346] (II) event1  - Sleep Button: is tagged by udev as: Keyboard
[ 19077.346] (II) event1  - Sleep Button: device is a keyboard
[ 19077.346] (II) config/udev: Adding input device Video Bus (/dev/input/event3)
[ 19077.347] (**) Video Bus: Applying InputClass "libinput keyboard catchall"
[ 19077.347] (II) Using input driver 'libinput' for 'Video Bus'
[ 19077.348] (II) systemd-logind: got fd for /dev/input/event3 13:67 fd 24 paused 0
[ 19077.348] (**) Video Bus: always reports core events
[ 19077.348] (**) Option "Device" "/dev/input/event3"
[ 19077.349] (**) Option "_source" "server/udev"
[ 19077.350] (II) event3  - Video Bus: is tagged by udev as: Keyboard
[ 19077.350] (II) event3  - Video Bus: device is a keyboard
[ 19077.350] (II) event3  - Video Bus: device removed
[ 19077.350] (**) Option "config_info" "udev:/sys/devices/LNXSYSTM:00/LNXSYBUS:00/PNP0A03:00/LNXVIDEO:00/input/input4/event3"
[ 19077.351] (II) XINPUT: Adding extended input device "Video Bus" (type: KEYBOARD, id 8)
[ 19077.351] (**) Option "xkb_model" "pc105"
[ 19077.351] (**) Option "xkb_layout" "kr"
[ 19077.351] (**) Option "xkb_variant" "kr104"
[ 19077.352] (II) event3  - Video Bus: is tagged by udev as: Keyboard
[ 19077.352] (II) event3  - Video Bus: device is a keyboard
[ 19077.353] (II) config/udev: Adding input device VirtualBox mouse integration (/dev/input/event6)
[ 19077.353] (**) VirtualBox mouse integration: Applying InputClass "libinput pointer catchall"
[ 19077.354] (II) Using input driver 'libinput' for 'VirtualBox mouse integration'
[ 19077.355] (II) systemd-logind: got fd for /dev/input/event6 13:70 fd 25 paused 0
[ 19077.355] (**) VirtualBox mouse integration: always reports core events
[ 19077.355] (**) Option "Device" "/dev/input/event6"
[ 19077.355] (**) Option "_source" "server/udev"
[ 19077.356] (II) event6  - VirtualBox mouse integration: is tagged by udev as: Mouse
[ 19077.356] (II) event6  - VirtualBox mouse integration: device is a pointer
[ 19077.356] (II) event6  - VirtualBox mouse integration: device removed
[ 19077.356] (**) Option "config_info" "udev:/sys/devices/pci0000:00/0000:00:04.0/input/input7/event6"
[ 19077.356] (II) XINPUT: Adding extended input device "VirtualBox mouse integration" (type: MOUSE, id 9)
[ 19077.356] (**) Option "AccelerationScheme" "none"
[ 19077.356] (**) VirtualBox mouse integration: (accel) selected scheme none/0
[ 19077.356] (**) VirtualBox mouse integration: (accel) acceleration factor: 2.000
[ 19077.356] (**) VirtualBox mouse integration: (accel) acceleration threshold: 4
[ 19077.357] (II) event6  - VirtualBox mouse integration: is tagged by udev as: Mouse
[ 19077.358] (II) event6  - VirtualBox mouse integration: device is a pointer
[ 19077.358] (II) config/udev: Adding input device VirtualBox mouse integration (/dev/input/js1)
[ 19077.358] (II) No input driver specified, ignoring this device.
[ 19077.358] (II) This device may have been added with another device file.
[ 19077.360] (II) config/udev: Adding input device VirtualBox mouse integration (/dev/input/mouse2)
[ 19077.360] (II) No input driver specified, ignoring this device.
[ 19077.360] (II) This device may have been added with another device file.
[ 19077.361] (II) config/udev: Adding input device VirtualBox USB Tablet (/dev/input/event5)
[ 19077.361] (**) VirtualBox USB Tablet: Applying InputClass "libinput pointer catchall"
[ 19077.361] (II) Using input driver 'libinput' for 'VirtualBox USB Tablet'
[ 19077.420] (II) systemd-logind: got fd for /dev/input/event5 13:69 fd 26 paused 0
[ 19077.420] (**) VirtualBox USB Tablet: always reports core events
[ 19077.420] (**) Option "Device" "/dev/input/event5"
[ 19077.421] (**) Option "_source" "server/udev"
[ 19077.428] (II) event5  - VirtualBox USB Tablet: is tagged by udev as: Mouse
[ 19077.428] (II) event5  - VirtualBox USB Tablet: device is a pointer
[ 19077.429] (II) event5  - VirtualBox USB Tablet: device removed
[ 19077.431] (**) Option "config_info" "udev:/sys/devices/pci0000:00/0000:00:06.0/usb1/1-1/1-1:1.0/0003:80EE:0021.0001/input/input6/event5"
[ 19077.431] (II) XINPUT: Adding extended input device "VirtualBox USB Tablet" (type: MOUSE, id 10)
[ 19077.431] (**) Option "AccelerationScheme" "none"
[ 19077.432] (**) VirtualBox USB Tablet: (accel) selected scheme none/0
[ 19077.432] (**) VirtualBox USB Tablet: (accel) acceleration factor: 2.000
[ 19077.433] (**) VirtualBox USB Tablet: (accel) acceleration threshold: 4
[ 19077.437] (II) event5  - VirtualBox USB Tablet: is tagged by udev as: Mouse
[ 19077.437] (II) event5  - VirtualBox USB Tablet: device is a pointer
[ 19077.439] (II) config/udev: Adding input device VirtualBox USB Tablet (/dev/input/js0)
[ 19077.439] (II) No input driver specified, ignoring this device.
[ 19077.439] (II) This device may have been added with another device file.
[ 19077.440] (II) config/udev: Adding input device VirtualBox USB Tablet (/dev/input/mouse1)
[ 19077.440] (II) No input driver specified, ignoring this device.
[ 19077.440] (II) This device may have been added with another device file.
[ 19077.441] (II) config/udev: Adding input device AT Translated Set 2 keyboard (/dev/input/event2)
[ 19077.441] (**) AT Translated Set 2 keyboard: Applying InputClass "libinput keyboard catchall"
[ 19077.441] (II) Using input driver 'libinput' for 'AT Translated Set 2 keyboard'
[ 19077.445] (II) systemd-logind: got fd for /dev/input/event2 13:66 fd 27 paused 0
[ 19077.445] (**) AT Translated Set 2 keyboard: always reports core events
[ 19077.445] (**) Option "Device" "/dev/input/event2"
[ 19077.445] (**) Option "_source" "server/udev"
[ 19077.446] (II) event2  - AT Translated Set 2 keyboard: is tagged by udev as: Keyboard
[ 19077.448] (II) event2  - AT Translated Set 2 keyboard: device is a keyboard
[ 19077.449] (II) event2  - AT Translated Set 2 keyboard: device removed
[ 19077.449] (**) Option "config_info" "udev:/sys/devices/platform/i8042/serio0/input/input2/event2"
[ 19077.449] (II) XINPUT: Adding extended input device "AT Translated Set 2 keyboard" (type: KEYBOARD, id 11)
[ 19077.449] (**) Option "xkb_model" "pc105"
[ 19077.449] (**) Option "xkb_layout" "kr"
[ 19077.449] (**) Option "xkb_variant" "kr104"
[ 19077.454] (II) event2  - AT Translated Set 2 keyboard: is tagged by udev as: Keyboard
[ 19077.454] (II) event2  - AT Translated Set 2 keyboard: device is a keyboard
[ 19077.455] (II) config/udev: Adding input device ImExPS/2 Generic Explorer Mouse (/dev/input/event4)
[ 19077.456] (**) ImExPS/2 Generic Explorer Mouse: Applying InputClass "libinput pointer catchall"
[ 19077.456] (II) Using input driver 'libinput' for 'ImExPS/2 Generic Explorer Mouse'
[ 19077.458] (II) systemd-logind: got fd for /dev/input/event4 13:68 fd 28 paused 0
[ 19077.459] (**) ImExPS/2 Generic Explorer Mouse: always reports core events
[ 19077.459] (**) Option "Device" "/dev/input/event4"
[ 19077.459] (**) Option "_source" "server/udev"
[ 19077.462] (II) event4  - ImExPS/2 Generic Explorer Mouse: is tagged by udev as: Mouse
[ 19077.462] (II) event4  - ImExPS/2 Generic Explorer Mouse: device is a pointer
[ 19077.462] (II) event4  - ImExPS/2 Generic Explorer Mouse: device removed
[ 19077.462] (**) Option "config_info" "udev:/sys/devices/platform/i8042/serio1/input/input5/event4"
[ 19077.463] (II) XINPUT: Adding extended input device "ImExPS/2 Generic Explorer Mouse" (type: MOUSE, id 12)
[ 19077.463] (**) Option "AccelerationScheme" "none"
[ 19077.463] (**) ImExPS/2 Generic Explorer Mouse: (accel) selected scheme none/0
[ 19077.464] (**) ImExPS/2 Generic Explorer Mouse: (accel) acceleration factor: 2.000
[ 19077.464] (**) ImExPS/2 Generic Explorer Mouse: (accel) acceleration threshold: 4
[ 19077.466] (II) event4  - ImExPS/2 Generic Explorer Mouse: is tagged by udev as: Mouse
[ 19077.466] (II) event4  - ImExPS/2 Generic Explorer Mouse: device is a pointer
[ 19077.467] (II) config/udev: Adding input device ImExPS/2 Generic Explorer Mouse (/dev/input/mouse0)
[ 19077.467] (II) No input driver specified, ignoring this device.
[ 19077.467] (II) This device may have been added with another device file.
